ITEM: TIMESTEP
0
ITEM: NUMBER OF ENTRIES
6912
ITEM: BOX BOUNDS xy xz yz pp pp pp
0.0000000000000000e+00 1.5605100000000000e+01 0.0000000000000000e+00
0.0000000000000000e+00 1.5605100000000000e+01 0.0000000000000000e+00
0.0000000000000000e+00 1.5605100000000000e+01 0.0000000000000000e+00
ITEM: ENTRIES c_nb[1] c_nb[2] 
1 268 
1 169 
1 214 
1 241 
1 196 
1 223 
1 181 
1 262 
1 163 
1 244 
1 100 
1 235 
1 190 
1 82 
1 322 
1 34 
1 115 
1 73 
1 289 
1 136 
1 55 
1 28 
2 269 
2 170 
2 215 
2 242 
2 197 
2 224 
2 182 
2 263 
2 164 
2 245 
2 101 
2 236 
2 191 
2 83 
2 323 
2 35 
2 116 
2 74 
2 290 
2 137 
2 56 
2 29 
4 262 
4 163 
4 208 
4 235 
4 190 
4 217 
4 184 
4 265 
4 166 
4 247 
4 103 
4 238 
4 193 
4 85 
4 316 
4 28 
4 109 
4 76 
4 292 
4 139 
4 58 
4 31 
5 263 
5 164 
5 209 
5 236 
5 191 
5 218 
5 185 
5 266 
5 167 
5 248 
5 104 
5 239 
5 194 
5 86 
5 317 
5 29 
5 110 
5 77 
5 293 
5 140 
5 59 
5 32 
10 250 
10 178 
10 196 
10 223 
10 205 
10 232 
10 163 
10 244 
10 172 
10 253 
10 82 
10 217 
10 199 
10 91 
10 304 
10 43 
10 124 
10 55 
10 271 
10 145 
10 64 
10 37 
11 251 
11 179 
11 197 
11 224 
11 206 
11 233 
11 164 
11 245 
11 173 
11 254 
11 83 
11 218 
11 200 
11 92 
11 305 
11 44 
11 125 
11 56 
11 272 
11 146 
11 65 
11 38 
13 244 
13 172 
13 190 
13 217 
13 199 
13 226 
13 166 
13 247 
13 175 
13 256 
13 85 
13 220 
13 202 
13 94 
13 298 
13 37 
13 118 
13 58 
13 274 
13 148 
13 67 
13 40 
14 245 
14 173 
14 191 
14 218 
14 200 
14 227 
14 167 
14 248 
14 176 
14 257 
14 86 
14 221 
14 203 
14 95 
14 299 
14 38 
14 119 
14 59 
14 275 
14 149 
14 68 
14 41 
19 259 
19 187 
19 205 
19 232 
19 214 
19 241 
19 172 
19 253 
19 181 
19 262 
19 91 
19 226 
19 208 
19 100 
19 313 
19 52 
19 133 
19 64 
19 280 
19 154 
19 73 
19 46 
20 260 
20 188 
20 206 
20 233 
20 215 
20 242 
20 173 
20 254 
20 182 
20 263 
20 92 
20 227 
20 209 
20 101 
20 314 
20 53 
20 134 
20 65 
20 281 
20 155 
20 74 
20 47 
22 253 
22 181 
22 199 
22 226 
22 208 
22 235 
22 175 
22 256 
22 184 
22 265 
22 94 
22 229 
22 211 
22 103 
22 307 
22 46 
22 127 
22 67 
22 283 
22 157 
22 76 
22 49 
23 254 
23 182 
23 200 
23 227 
23 209 
23 236 
23 176 
23 257 
23 185 
23 266 
23 95 
23 230 
23 212 
23 104 
23 308 
23 47 
23 128 
23 68 
23 284 
23 158 
23 77 
23 50 
28 322 
28 115 
28 154 
28 289 
28 136 
28 271 
28 127 
28 316 
28 109 
28 298 
28 76 
28 292 
28 139 
28 58 
28 263 
28 2 
28 164 
28 101 
28 236 
28 191 
28 83 
28 5 
37 304 
37 124 
37 136 
37 271 
37 145 
37 280 
37 109 
37 298 
37 118 
37 307 
37 58 
37 274 
37 148 
37 67 
37 245 
37 11 
37 173 
37 83 
37 218 
37 200 
37 92 
37 14 
46 313 
46 133 
46 145 
46 280 
46 154 
46 289 
46 118 
46 307 
46 127 
46 316 
46 67 
46 283 
46 157 
46 76 
46 254 
46 20 
46 182 
46 92 
46 227 
46 209 
46 101 
46 23 
55 142 
55 277 
55 322 
55 115 
55 304 
55 124 
55 289 
55 136 
55 271 
55 145 
55 28 
55 109 
55 298 
55 37 
55 197 
55 89 
55 224 
55 2 
55 164 
55 245 
55 11 
55 83 
58 136 
58 271 
58 316 
58 109 
58 298 
58 118 
58 292 
58 139 
58 274 
58 148 
58 31 
58 112 
58 301 
58 40 
58 191 
58 83 
58 218 
58 5 
58 167 
58 248 
58 14 
58 86 
64 151 
64 286 
64 304 
64 124 
64 313 
64 133 
64 271 
64 145 
64 280 
64 154 
64 37 
64 118 
64 307 
64 46 
64 206 
64 98 
64 233 
64 11 
64 173 
64 254 
64 20 
64 92 
67 145 
67 280 
67 298 
67 118 
67 307 
67 127 
67 274 
67 148 
67 283 
67 157 
67 40 
67 121 
67 310 
67 49 
67 200 
67 92 
67 227 
67 14 
67 176 
67 257 
67 23 
67 95 
73 160 
73 295 
73 313 
73 133 
73 322 
73 115 
73 280 
73 154 
73 289 
73 136 
73 46 
73 127 
73 316 
73 28 
73 215 
73 107 
73 242 
73 20 
73 182 
73 263 
73 2 
73 101 
76 154 
76 289 
76 307 
76 127 
76 316 
76 109 
76 283 
76 157 
76 292 
76 139 
76 49 
76 130 
76 319 
76 31 
76 209 
76 101 
76 236 
76 23 
76 185 
76 266 
76 5 
76 104 
82 196 
82 223 
82 262 
82 163 
82 244 
82 172 
82 235 
82 190 
82 217 
82 199 
82 4 
82 166 
82 247 
82 13 
82 136 
82 55 
82 271 
82 28 
82 109 
82 298 
82 37 
82 58 
83 197 
83 224 
83 263 
83 164 
83 245 
83 173 
83 236 
83 191 
83 218 
83 200 
83 5 
83 167 
83 248 
83 14 
83 137 
83 56 
83 272 
83 29 
83 110 
83 299 
83 38 
83 59 
91 205 
91 232 
91 244 
91 172 
91 253 
91 181 
91 217 
91 199 
91 226 
91 208 
91 13 
91 175 
91 256 
91 22 
91 145 
91 64 
91 280 
91 37 
91 118 
91 307 
91 46 
91 67 
92 206 
92 233 
92 245 
92 173 
92 254 
92 182 
92 218 
92 200 
92 227 
92 209 
92 14 
92 176 
92 257 
92 23 
92 146 
92 65 
92 281 
92 38 
92 119 
92 308 
92 47 
92 68 
100 214 
100 241 
100 253 
100 181 
100 262 
100 163 
100 226 
100 208 
100 235 
100 190 
100 22 
100 184 
100 265 
100 4 
100 154 
100 73 
100 289 
100 46 
100 127 
100 316 
100 28 
100 76 
101 215 
101 242 
101 254 
101 182 
101 263 
101 164 
101 227 
101 209 
101 236 
101 191 
101 23 
101 185 
101 266 
101 5 
101 155 
101 74 
101 290 
101 47 
101 128 
101 317 
101 29 
101 77 
109 298 
109 292 
109 139 
109 274 
109 263 
109 2 
109 164 
109 245 
109 101 
109 236 
109 191 
109 83 
109 218 
109 266 
109 5 
109 167 
109 248 
109 14 
109 86 
109 29 
109 59 
118 307 
118 274 
118 148 
118 283 
118 245 
118 11 
118 173 
118 254 
118 83 
118 218 
118 200 
118 92 
118 227 
118 248 
118 14 
118 176 
118 257 
118 23 
118 95 
118 38 
118 68 
127 316 
127 283 
127 157 
127 292 
127 254 
127 20 
127 182 
127 263 
127 92 
127 227 
127 209 
127 101 
127 236 
127 257 
127 23 
127 185 
127 266 
127 5 
127 104 
127 47 
127 77 
136 271 
136 316 
136 109 
136 298 
136 242 
136 197 
136 89 
136 224 
136 263 
136 2 
136 164 
136 245 
136 11 
136 101 
136 236 
136 191 
136 83 
136 218 
136 5 
136 56 
136 29 
139 274 
139 319 
139 112 
139 301 
139 236 
139 191 
139 83 
139 218 
139 266 
139 5 
139 167 
139 248 
139 14 
139 104 
139 239 
139 194 
139 86 
139 221 
139 8 
139 59 
139 32 
145 280 
145 298 
145 118 
145 307 
145 224 
145 206 
145 98 
145 233 
145 245 
145 11 
145 173 
145 254 
145 20 
145 83 
145 218 
145 200 
145 92 
145 227 
145 14 
145 65 
145 38 
148 283 
148 301 
148 121 
148 310 
148 218 
148 200 
148 92 
148 227 
148 248 
148 14 
148 176 
148 257 
148 23 
148 86 
148 221 
148 203 
148 95 
148 230 
148 17 
148 68 
148 41 
154 289 
154 307 
154 127 
154 316 
154 233 
154 215 
154 107 
154 242 
154 254 
154 20 
154 182 
154 263 
154 2 
154 92 
154 227 
154 209 
154 101 
154 236 
154 23 
154 74 
154 47 
157 292 
157 310 
157 130 
157 319 
157 227 
157 209 
157 101 
157 236 
157 257 
157 23 
157 185 
157 266 
157 5 
157 95 
157 230 
157 212 
157 104 
157 239 
157 26 
157 77 
157 50 
163 244 
163 235 
163 190 
163 217 
163 322 
163 34 
163 115 
163 304 
163 73 
163 289 
163 136 
163 55 
163 271 
163 316 
163 28 
163 109 
163 298 
163 37 
163 58 
163 2 
163 83 
164 245 
164 236 
164 191 
164 218 
164 323 
164 35 
164 116 
164 305 
164 74 
164 290 
164 137 
164 56 
164 272 
164 317 
164 29 
164 110 
164 299 
164 38 
164 59 
164 3 
164 84 
166 247 
166 238 
166 193 
166 220 
166 316 
166 28 
166 109 
166 298 
166 76 
166 292 
166 139 
166 58 
166 274 
166 319 
166 31 
166 112 
166 301 
166 40 
166 61 
166 5 
166 86 
167 248 
167 239 
167 194 
167 221 
167 317 
167 29 
167 110 
167 299 
167 77 
167 293 
167 140 
167 59 
167 275 
167 320 
167 32 
167 113 
167 302 
167 41 
167 62 
167 6 
167 87 
172 253 
172 217 
172 199 
172 226 
172 304 
172 43 
172 124 
172 313 
172 55 
172 271 
172 145 
172 64 
172 280 
172 298 
172 37 
172 118 
172 307 
172 46 
172 67 
172 11 
172 92 
173 254 
173 218 
173 200 
173 227 
173 305 
173 44 
173 125 
173 314 
173 56 
173 272 
173 146 
173 65 
173 281 
173 299 
173 38 
173 119 
173 308 
173 47 
173 68 
173 12 
173 93 
175 256 
175 220 
175 202 
175 229 
175 298 
175 37 
175 118 
175 307 
175 58 
175 274 
175 148 
175 67 
175 283 
175 301 
175 40 
175 121 
175 310 
175 49 
175 70 
175 14 
175 95 
176 257 
176 221 
176 203 
176 230 
176 299 
176 38 
176 119 
176 308 
176 59 
176 275 
176 149 
176 68 
176 284 
176 302 
176 41 
176 122 
176 311 
176 50 
176 71 
176 15 
176 96 
181 262 
181 226 
181 208 
181 235 
181 313 
181 52 
181 133 
181 322 
181 64 
181 280 
181 154 
181 73 
181 289 
181 307 
181 46 
181 127 
181 316 
181 28 
181 76 
181 20 
181 101 
182 263 
182 227 
182 209 
182 236 
182 314 
182 53 
182 134 
182 323 
182 65 
182 281 
182 155 
182 74 
182 290 
182 308 
182 47 
182 128 
182 317 
182 29 
182 77 
182 21 
182 102 
184 265 
184 229 
184 211 
184 238 
184 307 
184 46 
184 127 
184 316 
184 67 
184 283 
184 157 
184 76 
184 292 
184 310 
184 49 
184 130 
184 319 
184 31 
184 79 
184 23 
184 104 
185 266 
185 230 
185 212 
185 239 
185 308 
185 47 
185 128 
185 317 
185 68 
185 284 
185 158 
185 77 
185 293 
185 311 
185 50 
185 131 
185 320 
185 32 
185 80 
185 24 
185 105 
190 217 
190 265 
190 166 
190 247 
190 289 
190 136 
190 55 
190 271 
190 316 
190 28 
190 109 
190 298 
190 37 
190 76 
190 292 
190 139 
190 58 
190 274 
190 31 
190 83 
190 5 
191 218 
191 266 
191 167 
191 248 
191 290 
191 137 
191 56 
191 272 
191 317 
191 29 
191 110 
191 299 
191 38 
191 77 
191 293 
191 140 
191 59 
191 275 
191 32 
191 84 
191 6 
199 226 
199 247 
199 175 
199 256 
199 271 
199 145 
199 64 
199 280 
199 298 
199 37 
199 118 
199 307 
199 46 
199 58 
199 274 
199 148 
199 67 
199 283 
199 40 
199 92 
199 14 
200 227 
200 248 
200 176 
200 257 
200 272 
200 146 
200 65 
200 281 
200 299 
200 38 
200 119 
200 308 
200 47 
200 59 
200 275 
200 149 
200 68 
200 284 
200 41 
200 93 
200 15 
208 235 
208 256 
208 184 
208 265 
208 280 
208 154 
208 73 
208 289 
208 307 
208 46 
208 127 
208 316 
208 28 
208 67 
208 283 
208 157 
208 76 
208 292 
208 49 
208 101 
208 23 
209 236 
209 257 
209 185 
209 266 
209 281 
209 155 
209 74 
209 290 
209 308 
209 47 
209 128 
209 317 
209 29 
209 68 
209 284 
209 158 
209 77 
209 293 
209 50 
209 102 
209 24 
217 199 
217 166 
217 247 
217 175 
217 136 
217 55 
217 271 
217 145 
217 28 
217 109 
217 298 
217 37 
217 118 
217 139 
217 58 
217 274 
217 148 
217 67 
217 40 
217 83 
217 14 
218 200 
218 167 
218 248 
218 176 
218 137 
218 56 
218 272 
218 146 
218 29 
218 110 
218 299 
218 38 
218 119 
218 140 
218 59 
218 275 
218 149 
218 68 
218 41 
218 84 
218 15 
226 208 
226 175 
226 256 
226 184 
226 145 
226 64 
226 280 
226 154 
226 37 
226 118 
226 307 
226 46 
226 127 
226 148 
226 67 
226 283 
226 157 
226 76 
226 49 
226 92 
226 23 
227 209 
227 176 
227 257 
227 185 
227 146 
227 65 
227 281 
227 155 
227 38 
227 119 
227 308 
227 47 
227 128 
227 149 
227 68 
227 284 
227 158 
227 77 
227 50 
227 93 
227 24 
235 190 
235 184 
235 265 
235 166 
235 154 
235 73 
235 289 
235 136 
235 46 
235 127 
235 316 
235 28 
235 109 
235 157 
235 76 
235 292 
235 139 
235 58 
235 31 
235 101 
235 5 
236 191 
236 185 
236 266 
236 167 
236 155 
236 74 
236 290 
236 137 
236 47 
236 128 
236 317 
236 29 
236 110 
236 158 
236 77 
236 293 
236 140 
236 59 
236 32 
236 102 
236 6 
244 172 
244 190 
244 217 
244 199 
244 115 
244 304 
244 43 
244 124 
244 136 
244 55 
244 271 
244 145 
244 64 
244 28 
244 109 
244 298 
244 37 
244 118 
244 58 
244 11 
244 83 
245 173 
245 191 
245 218 
245 200 
245 116 
245 305 
245 44 
245 125 
245 137 
245 56 
245 272 
245 146 
245 65 
245 29 
245 110 
245 299 
245 38 
245 119 
245 59 
245 12 
245 84 
247 175 
247 193 
247 220 
247 202 
247 109 
247 298 
247 37 
247 118 
247 139 
247 58 
247 274 
247 148 
247 67 
247 31 
247 112 
247 301 
247 40 
247 121 
247 61 
247 14 
247 86 
248 176 
248 194 
248 221 
248 203 
248 110 
248 299 
248 38 
248 119 
248 140 
248 59 
248 275 
248 149 
248 68 
248 32 
248 113 
248 302 
248 41 
248 122 
248 62 
248 15 
248 87 
253 181 
253 199 
253 226 
253 208 
253 124 
253 313 
253 52 
253 133 
253 145 
253 64 
253 280 
253 154 
253 73 
253 37 
253 118 
253 307 
253 46 
253 127 
253 67 
253 20 
253 92 
254 182 
254 200 
254 227 
254 209 
254 125 
254 314 
254 53 
254 134 
254 146 
254 65 
254 281 
254 155 
254 74 
254 38 
254 119 
254 308 
254 47 
254 128 
254 68 
254 21 
254 93 
256 184 
256 202 
256 229 
256 211 
256 118 
256 307 
256 46 
256 127 
256 148 
256 67 
256 283 
256 157 
256 76 
256 40 
256 121 
256 310 
256 49 
256 130 
256 70 
256 23 
256 95 
257 185 
257 203 
257 230 
257 212 
257 119 
257 308 
257 47 
257 128 
257 149 
257 68 
257 284 
257 158 
257 77 
257 41 
257 122 
257 311 
257 50 
257 131 
257 71 
257 24 
257 96 
262 163 
262 208 
262 235 
262 190 
262 133 
262 322 
262 34 
262 115 
262 154 
262 73 
262 289 
262 136 
262 55 
262 46 
262 127 
262 316 
262 28 
262 109 
262 76 
262 2 
262 101 
263 164 
263 209 
263 236 
263 191 
263 134 
263 323 
263 35 
263 116 
263 155 
263 74 
263 290 
263 137 
263 56 
263 47 
263 128 
263 317 
263 29 
263 110 
263 77 
263 3 
263 102 
265 166 
265 211 
265 238 
265 193 
265 127 
265 316 
265 28 
265 109 
265 157 
265 76 
265 292 
265 139 
265 58 
265 49 
265 130 
265 319 
265 31 
265 112 
265 79 
265 5 
265 104 
266 167 
266 212 
266 239 
266 194 
266 128 
266 317 
266 29 
266 110 
266 158 
266 77 
266 293 
266 140 
266 59 
266 50 
266 131 
266 320 
266 32 
266 113 
266 80 
266 6 
266 105 
271 145 
271 109 
271 298 
271 118 
271 197 
271 89 
271 224 
271 206 
271 2 
271 164 
271 245 
271 11 
271 173 
271 191 
271 83 
271 218 
271 200 
271 92 
271 14 
271 56 
271 38 
274 148 
274 112 
274 301 
274 121 
274 191 
274 83 
274 218 
274 200 
274 5 
274 167 
274 248 
274 14 
274 176 
274 194 
274 86 
274 221 
274 203 
274 95 
274 17 
274 59 
274 41 
280 154 
280 118 
280 307 
280 127 
280 206 
280 98 
280 233 
280 215 
280 11 
280 173 
280 254 
280 20 
280 182 
280 200 
280 92 
280 227 
280 209 
280 101 
280 23 
280 65 
280 47 
283 157 
283 121 
283 310 
283 130 
283 200 
283 92 
283 227 
283 209 
283 14 
283 176 
283 257 
283 23 
283 185 
283 203 
283 95 
283 230 
283 212 
283 104 
283 26 
283 68 
283 50 
289 136 
289 127 
289 316 
289 109 
289 215 
289 107 
289 242 
289 197 
289 20 
289 182 
289 263 
289 2 
289 164 
289 209 
289 101 
289 236 
289 191 
289 83 
289 5 
289 74 
289 29 
292 139 
292 130 
292 319 
292 112 
292 209 
292 101 
292 236 
292 191 
292 23 
292 185 
292 266 
292 5 
292 167 
292 212 
292 104 
292 239 
292 194 
292 86 
292 8 
292 77 
292 32 
298 118 
298 139 
298 274 
298 148 
298 164 
298 245 
298 11 
298 173 
298 191 
298 83 
298 218 
298 200 
298 92 
298 5 
298 167 
298 248 
298 14 
298 176 
298 86 
298 38 
298 59 
307 127 
307 148 
307 283 
307 157 
307 173 
307 254 
307 20 
307 182 
307 200 
307 92 
307 227 
307 209 
307 101 
307 14 
307 176 
307 257 
307 23 
307 185 
307 95 
307 47 
307 68 
316 109 
316 157 
316 292 
316 139 
316 182 
316 263 
316 2 
316 164 
316 209 
316 101 
316 236 
316 191 
316 83 
316 23 
316 185 
316 266 
316 5 
316 167 
316 104 
316 29 
316 77 
3 270 
3 171 
3 216 
3 243 
3 198 
3 225 
3 183 
3 264 
3 165 
3 246 
3 102 
3 237 
3 192 
3 84 
3 324 
3 36 
3 117 
3 75 
3 291 
3 138 
3 57 
3 30 
6 264 
6 165 
6 210 
6 237 
6 192 
6 219 
6 186 
6 267 
6 168 
6 249 
6 105 
6 240 
6 195 
6 87 
6 318 
6 30 
6 111 
6 78 
6 294 
6 141 
6 60 
6 33 
12 252 
12 180 
12 198 
12 225 
12 207 
12 234 
12 165 
12 246 
12 174 
12 255 
12 84 
12 219 
12 201 
12 93 
12 306 
12 45 
12 126 
12 57 
12 273 
12 147 
12 66 
12 39 
15 246 
15 174 
15 192 
15 219 
15 201 
15 228 
15 168 
15 249 
15 177 
15 258 
15 87 
15 222 
15 204 
15 96 
15 300 
15 39 
15 120 
15 60 
15 276 
15 150 
15 69 
15 42 
21 261 
21 189 
21 207 
21 234 
21 216 
21 243 
21 174 
21 255 
21 183 
21 264 
21 93 
21 228 
21 210 
21 102 
21 315 
21 54 
21 135 
21 66 
21 282 
21 156 
21 75 
21 48 
24 255 
24 183 
24 201 
24 228 
24 210 
24 237 
24 177 
24 258 
24 186 
24 267 
24 96 
24 231 
24 213 
24 105 
24 309 
24 48 
24 129 
24 69 
24 285 
24 159 
24 78 
24 51 
29 323 
29 116 
29 155 
29 290 
29 137 
29 272 
29 128 
29 317 
29 110 
29 299 
29 77 
29 293 
29 140 
29 59 
29 264 
29 3 
29 165 
29 102 
29 237 
29 192 
29 84 
29 6 
30 324 
30 117 
30 156 
30 291 
30 138 
30 273 
30 129 
30 318 
30 111 
30 300 
30 78 
30 294 
30 141 
30 60 
30 262 
30 1 
30 163 
30 100 
30 235 
30 190 
30 82 
30 4 
38 305 
38 125 
38 137 
38 272 
38 146 
38 281 
38 110 
38 299 
38 119 
38 308 
38 59 
38 275 
38 149 
38 68 
38 246 
38 12 
38 174 
38 84 
38 219 
38 201 
38 93 
38 15 
39 306 
39 126 
39 138 
39 273 
39 147 
39 282 
39 111 
39 300 
39 120 
39 309 
39 60 
39 276 
39 150 
39 69 
39 244 
39 10 
39 172 
39 82 
39 217 
39 199 
39 91 
39 13 
47 314 
47 134 
47 146 
47 281 
47 155 
47 290 
47 119 
47 308 
47 128 
47 317 
47 68 
47 284 
47 158 
47 77 
47 255 
47 21 
47 183 
47 93 
47 228 
47 210 
47 102 
47 24 
48 315 
48 135 
48 147 
48 282 
48 156 
48 291 
48 120 
48 309 
48 129 
48 318 
48 69 
48 285 
48 159 
48 78 
48 253 
48 19 
48 181 
48 91 
48 226 
48 208 
48 100 
48 22 
56 143 
56 278 
56 323 
56 116 
56 305 
56 125 
56 290 
56 137 
56 272 
56 146 
56 29 
56 110 
56 299 
56 38 
56 198 
56 90 
56 225 
56 3 
56 165 
56 246 
56 12 
56 84 
57 144 
57 279 
57 324 
57 117 
57 306 
57 126 
57 291 
57 138 
57 273 
57 147 
57 30 
57 111 
57 300 
57 39 
57 196 
57 88 
57 223 
57 1 
57 163 
57 244 
57 10 
57 82 
59 137 
59 272 
59 317 
59 110 
59 299 
59 119 
59 293 
59 140 
59 275 
59 149 
59 32 
59 113 
59 302 
59 41 
59 192 
59 84 
59 219 
59 6 
59 168 
59 249 
59 15 
59 87 
60 138 
60 273 
60 318 
60 111 
60 300 
60 120 
60 294 
60 141 
60 276 
60 150 
60 33 
60 114 
60 303 
60 42 
60 190 
60 82 
60 217 
60 4 
60 166 
60 247 
60 13 
60 85 
65 152 
65 287 
65 305 
65 125 
65 314 
65 134 
65 272 
65 146 
65 281 
65 155 
65 38 
65 119 
65 308 
65 47 
65 207 
65 99 
65 234 
65 12 
65 174 
65 255 
65 21 
65 93 
66 153 
66 288 
66 306 
66 126 
66 315 
66 135 
66 273 
66 147 
66 282 
66 156 
66 39 
66 120 
66 309 
66 48 
66 205 
66 97 
66 232 
66 10 
66 172 
66 253 
66 19 
66 91 
68 146 
68 281 
68 299 
68 119 
68 308 
68 128 
68 275 
68 149 
68 284 
68 158 
68 41 
68 122 
68 311 
68 50 
68 201 
68 93 
68 228 
68 15 
68 177 
68 258 
68 24 
68 96 
69 147 
69 282 
69 300 
69 120 
69 309 
69 129 
69 276 
69 150 
69 285 
69 159 
69 42 
69 123 
69 312 
69 51 
69 199 
69 91 
69 226 
69 13 
69 175 
69 256 
69 22 
69 94 
74 161 
74 296 
74 314 
74 134 
74 323 
74 116 
74 281 
74 155 
74 290 
74 137 
74 47 
74 128 
74 317 
74 29 
74 216 
74 108 
74 243 
74 21 
74 183 
74 264 
74 3 
74 102 
75 162 
75 297 
75 315 
75 135 
75 324 
75 117 
75 282 
75 156 
75 291 
75 138 
75 48 
75 129 
75 318 
75 30 
75 214 
75 106 
75 241 
75 19 
75 181 
75 262 
75 1 
75 100 
77 155 
77 290 
77 308 
77 128 
77 317 
77 110 
77 284 
77 158 
77 293 
77 140 
77 50 
77 131 
77 320 
77 32 
77 210 
77 102 
77 237 
77 24 
77 186 
77 267 
77 6 
77 105 
78 156 
78 291 
78 309 
78 129 
78 318 
78 111 
78 285 
78 159 
78 294 
78 141 
78 51 
78 132 
78 321 
78 33 
78 208 
78 100 
78 235 
78 22 
78 184 
78 265 
78 4 
78 103 
84 198 
84 225 
84 264 
84 165 
84 246 
84 174 
84 237 
84 192 
84 219 
84 201 
84 6 
84 168 
84 249 
84 15 
84 138 
84 57 
84 273 
84 30 
84 111 
84 300 
84 39 
84 60 
93 207 
93 234 
93 246 
93 174 
93 255 
93 183 
93 219 
93 201 
93 228 
93 210 
93 15 
93 177 
93 258 
93 24 
93 147 
93 66 
93 282 
93 39 
93 120 
93 309 
93 48 
93 69 
102 216 
102 243 
102 255 
102 183 
102 264 
102 165 
102 228 
102 210 
102 237 
102 192 
102 24 
102 186 
102 267 
102 6 
102 156 
102 75 
102 291 
102 48 
102 129 
102 318 
102 30 
102 78 
110 299 
110 293 
110 140 
110 275 
110 264 
110 3 
110 165 
110 246 
110 102 
110 237 
110 192 
110 84 
110 219 
110 267 
110 6 
110 168 
110 249 
110 15 
110 87 
110 30 
110 60 
111 300 
111 294 
111 141 
111 276 
111 262 
111 1 
111 163 
111 244 
111 100 
111 235 
111 190 
111 82 
111 217 
111 265 
111 4 
111 166 
111 247 
111 13 
111 85 
111 28 
111 58 
119 308 
119 275 
119 149 
119 284 
119 246 
119 12 
119 174 
119 255 
119 84 
119 219 
119 201 
119 93 
119 228 
119 249 
119 15 
119 177 
119 258 
119 24 
119 96 
119 39 
119 69 
120 309 
120 276 
120 150 
120 285 
120 244 
120 10 
120 172 
120 253 
120 82 
120 217 
120 199 
120 91 
120 226 
120 247 
120 13 
120 175 
120 256 
120 22 
120 94 
120 37 
120 67 
128 317 
128 284 
128 158 
128 293 
128 255 
128 21 
128 183 
128 264 
128 93 
128 228 
128 210 
128 102 
128 237 
128 258 
128 24 
128 186 
128 267 
128 6 
128 105 
128 48 
128 78 
129 318 
129 285 
129 159 
129 294 
129 253 
129 19 
129 181 
129 262 
129 91 
129 226 
129 208 
129 100 
129 235 
129 256 
129 22 
129 184 
129 265 
129 4 
129 103 
129 46 
129 76 
137 272 
137 317 
137 110 
137 299 
137 243 
137 198 
137 90 
137 225 
137 264 
137 3 
137 165 
137 246 
137 12 
137 102 
137 237 
137 192 
137 84 
137 219 
137 6 
137 57 
137 30 
138 273 
138 318 
138 111 
138 300 
138 241 
138 196 
138 88 
138 223 
138 262 
138 1 
138 163 
138 244 
138 10 
138 100 
138 235 
138 190 
138 82 
138 217 
138 4 
138 55 
138 28 
140 275 
140 320 
140 113 
140 302 
140 237 
140 192 
140 84 
140 219 
140 267 
140 6 
140 168 
140 249 
140 15 
140 105 
140 240 
140 195 
140 87 
140 222 
140 9 
140 60 
140 33 
141 276 
141 321 
141 114 
141 303 
141 235 
141 190 
141 82 
141 217 
141 265 
141 4 
141 166 
141 247 
141 13 
141 103 
141 238 
141 193 
141 85 
141 220 
141 7 
141 58 
141 31 
146 281 
146 299 
146 119 
146 308 
146 225 
146 207 
146 99 
146 234 
146 246 
146 12 
146 174 
146 255 
146 21 
146 84 
146 219 
146 201 
146 93 
146 228 
146 15 
146 66 
146 39 
147 282 
147 300 
147 120 
147 309 
147 223 
147 205 
147 97 
147 232 
147 244 
147 10 
147 172 
147 253 
147 19 
147 82 
147 217 
147 199 
147 91 
147 226 
147 13 
147 64 
147 37 
149 284 
149 302 
149 122 
149 311 
149 219 
149 201 
149 93 
149 228 
149 249 
149 15 
149 177 
149 258 
149 24 
149 87 
149 222 
149 204 
149 96 
149 231 
149 18 
149 69 
149 42 
150 285 
150 303 
150 123 
150 312 
150 217 
150 199 
150 91 
150 226 
150 247 
150 13 
150 175 
150 256 
150 22 
150 85 
150 220 
150 202 
150 94 
150 229 
150 16 
150 67 
150 40 
155 290 
155 308 
155 128 
155 317 
155 234 
155 216 
155 108 
155 243 
155 255 
155 21 
155 183 
155 264 
155 3 
155 93 
155 228 
155 210 
155 102 
155 237 
155 24 
155 75 
155 48 
156 291 
156 309 
156 129 
156 318 
156 232 
156 214 
156 106 
156 241 
156 253 
156 19 
156 181 
156 262 
156 1 
156 91 
156 226 
156 208 
156 100 
156 235 
156 22 
156 73 
156 46 
158 293 
158 311 
158 131 
158 320 
158 228 
158 210 
158 102 
158 237 
158 258 
158 24 
158 186 
158 267 
158 6 
158 96 
158 231 
158 213 
158 105 
158 240 
158 27 
158 78 
158 51 
159 294 
159 312 
159 132 
159 321 
159 226 
159 208 
159 100 
159 235 
159 256 
159 22 
159 184 
159 265 
159 4 
159 94 
159 229 
159 211 
159 103 
159 238 
159 25 
159 76 
159 49 
165 246 
165 237 
165 192 
165 219 
165 324 
165 36 
165 117 
165 306 
165 75 
165 291 
165 138 
165 57 
165 273 
165 318 
165 30 
165 111 
165 300 
165 39 
165 60 
165 1 
165 82 
168 249 
168 240 
168 195 
168 222 
168 318 
168 30 
168 111 
168 300 
168 78 
168 294 
168 141 
168 60 
168 276 
168 321 
168 33 
168 114 
168 303 
168 42 
168 63 
168 4 
168 85 
174 255 
174 219 
174 201 
174 228 
174 306 
174 45 
174 126 
174 315 
174 57 
174 273 
174 147 
174 66 
174 282 
174 300 
174 39 
174 120 
174 309 
174 48 
174 69 
174 10 
174 91 
177 258 
177 222 
177 204 
177 231 
177 300 
177 39 
177 120 
177 309 
177 60 
177 276 
177 150 
177 69 
177 285 
177 303 
177 42 
177 123 
177 312 
177 51 
177 72 
177 13 
177 94 
183 264 
183 228 
183 210 
183 237 
183 315 
183 54 
183 135 
183 324 
183 66 
183 282 
183 156 
183 75 
183 291 
183 309 
183 48 
183 129 
183 318 
183 30 
183 78 
183 19 
183 100 
186 267 
186 231 
186 213 
186 240 
186 309 
186 48 
186 129 
186 318 
186 69 
186 285 
186 159 
186 78 
186 294 
186 312 
186 51 
186 132 
186 321 
186 33 
186 81 
186 22 
186 103 
192 219 
192 267 
192 168 
192 249 
192 291 
192 138 
192 57 
192 273 
192 318 
192 30 
192 111 
192 300 
192 39 
192 78 
192 294 
192 141 
192 60 
192 276 
192 33 
192 82 
192 4 
201 228 
201 249 
201 177 
201 258 
201 273 
201 147 
201 66 
201 282 
201 300 
201 39 
201 120 
201 309 
201 48 
201 60 
201 276 
201 150 
201 69 
201 285 
201 42 
201 91 
201 13 
210 237 
210 258 
210 186 
210 267 
210 282 
210 156 
210 75 
210 291 
210 309 
210 48 
210 129 
210 318 
210 30 
210 69 
210 285 
210 159 
210 78 
210 294 
210 51 
210 100 
210 22 
219 201 
219 168 
219 249 
219 177 
219 138 
219 57 
219 273 
219 147 
219 30 
219 111 
219 300 
219 39 
219 120 
219 141 
219 60 
219 276 
219 150 
219 69 
219 42 
219 82 
219 13 
228 210 
228 177 
228 258 
228 186 
228 147 
228 66 
228 282 
228 156 
228 39 
228 120 
228 309 
228 48 
228 129 
228 150 
228 69 
228 285 
228 159 
228 78 
228 51 
228 91 
228 22 
237 192 
237 186 
237 267 
237 168 
237 156 
237 75 
237 291 
237 138 
237 48 
237 129 
237 318 
237 30 
237 111 
237 159 
237 78 
237 294 
237 141 
237 60 
237 33 
237 100 
237 4 
246 174 
246 192 
246 219 
246 201 
246 117 
246 306 
246 45 
246 126 
246 138 
246 57 
246 273 
246 147 
246 66 
246 30 
246 111 
246 300 
246 39 
246 120 
246 60 
246 10 
246 82 
249 177 
249 195 
249 222 
249 204 
249 111 
249 300 
249 39 
249 120 
249 141 
249 60 
249 276 
249 150 
249 69 
249 33 
249 114 
249 303 
249 42 
249 123 
249 63 
249 13 
249 85 
255 183 
255 201 
255 228 
255 210 
255 126 
255 315 
255 54 
255 135 
255 147 
255 66 
255 282 
255 156 
255 75 
255 39 
255 120 
255 309 
255 48 
255 129 
255 69 
255 19 
255 91 
258 186 
258 204 
258 231 
258 213 
258 120 
258 309 
258 48 
258 129 
258 150 
258 69 
258 285 
258 159 
258 78 
258 42 
258 123 
258 312 
258 51 
258 132 
258 72 
258 22 
258 94 
264 165 
264 210 
264 237 
264 192 
264 135 
264 324 
264 36 
264 117 
264 156 
264 75 
264 291 
264 138 
264 57 
264 48 
264 129 
264 318 
264 30 
264 111 
264 78 
264 1 
264 100 
267 168 
267 213 
267 240 
267 195 
267 129 
267 318 
267 30 
267 111 
267 159 
267 78 
267 294 
267 141 
267 60 
267 51 
267 132 
267 321 
267 33 
267 114 
267 81 
267 4 
267 103 
272 146 
272 110 
272 299 
272 119 
272 198 
272 90 
272 225 
272 207 
272 3 
272 165 
272 246 
272 12 
272 174 
272 192 
272 84 
272 219 
272 201 
272 93 
272 15 
272 57 
272 39 
273 147 
273 111 
273 300 
273 120 
273 196 
273 88 
273 223 
273 205 
273 1 
273 163 
273 244 
273 10 
273 172 
273 190 
273 82 
273 217 
273 199 
273 91 
273 13 
273 55 
273 37 
275 149 
275 113 
275 302 
275 122 
275 192 
275 84 
275 219 
275 201 
275 6 
275 168 
275 249 
275 15 
275 177 
275 195 
275 87 
275 222 
275 204 
275 96 
275 18 
275 60 
275 42 
276 150 
276 114 
276 303 
276 123 
276 190 
276 82 
276 217 
276 199 
276 4 
276 166 
276 247 
276 13 
276 175 
276 193 
276 85 
276 220 
276 202 
276 94 
276 16 
276 58 
276 40 
281 155 
281 119 
281 308 
281 128 
281 207 
281 99 
281 234 
281 216 
281 12 
281 174 
281 255 
281 21 
281 183 
281 201 
281 93 
281 228 
281 210 
281 102 
281 24 
281 66 
281 48 
282 156 
282 120 
282 309 
282 129 
282 205 
282 97 
282 232 
282 214 
282 10 
282 172 
282 253 
282 19 
282 181 
282 199 
282 91 
282 226 
282 208 
282 100 
282 22 
282 64 
282 46 
284 158 
284 122 
284 311 
284 131 
284 201 
284 93 
284 228 
284 210 
284 15 
284 177 
284 258 
284 24 
284 186 
284 204 
284 96 
284 231 
284 213 
284 105 
284 27 
284 69 
284 51 
285 159 
285 123 
285 312 
285 132 
285 199 
285 91 
285 226 
285 208 
285 13 
285 175 
285 256 
285 22 
285 184 
285 202 
285 94 
285 229 
285 211 
285 103 
285 25 
285 67 
285 49 
290 137 
290 128 
290 317 
290 110 
290 216 
290 108 
290 243 
290 198 
290 21 
290 183 
290 264 
290 3 
290 165 
290 210 
290 102 
290 237 
290 192 
290 84 
290 6 
290 75 
290 30 
291 138 
291 129 
291 318 
291 111 
291 214 
291 106 
291 241 
291 196 
291 19 
291 181 
291 262 
291 1 
291 163 
291 208 
291 100 
291 235 
291 190 
291 82 
291 4 
291 73 
291 28 
293 140 
293 131 
293 320 
293 113 
293 210 
293 102 
293 237 
293 192 
293 24 
293 186 
293 267 
293 6 
293 168 
293 213 
293 105 
293 240 
293 195 
293 87 
293 9 
293 78 
293 33 
294 141 
294 132 
294 321 
294 114 
294 208 
294 100 
294 235 
294 190 
294 22 
294 184 
294 265 
294 4 
294 166 
294 211 
294 103 
294 238 
294 193 
294 85 
294 7 
294 76 
294 31 
299 119 
299 140 
299 275 
299 149 
299 165 
299 246 
299 12 
299 174 
299 192 
299 84 
299 219 
299 201 
299 93 
299 6 
299 168 
299 249 
299 15 
299 177 
299 87 
299 39 
299 60 
300 120 
300 141 
300 276 
300 150 
300 163 
300 244 
300 10 
300 172 
300 190 
300 82 
300 217 
300 199 
300 91 
300 4 
300 166 
300 247 
300 13 
300 175 
300 85 
300 37 
300 58 
308 128 
308 149 
308 284 
308 158 
308 174 
308 255 
308 21 
308 183 
308 201 
308 93 
308 228 
308 210 
308 102 
308 15 
308 177 
308 258 
308 24 
308 186 
308 96 
308 48 
308 69 
309 129 
309 150 
309 285 
309 159 
309 172 
309 253 
309 19 
309 181 
309 199 
309 91 
309 226 
309 208 
309 100 
309 13 
309 175 
309 256 
309 22 
309 184 
309 94 
309 46 
309 67 
317 110 
317 158 
317 293 
317 140 
317 183 
317 264 
317 3 
317 165 
317 210 
317 102 
317 237 
317 192 
317 84 
317 24 
317 186 
317 267 
317 6 
317 168 
317 105 
317 30 
317 78 
318 111 
318 159 
318 294 
318 141 
318 181 
318 262 
318 1 
318 163 
318 208 
318 100 
318 235 
318 190 
318 82 
318 22 
318 184 
318 265 
318 4 
318 166 
318 103 
318 28 
318 76 
7 265 
7 166 
7 211 
7 238 
7 193 
7 220 
7 187 
7 268 
7 169 
7 250 
7 106 
7 241 
7 196 
7 88 
7 319 
7 31 
7 112 
7 79 
7 295 
7 142 
7 61 
7 34 
8 266 
8 167 
8 212 
8 239 
8 194 
8 221 
8 188 
8 269 
8 170 
8 251 
8 107 
8 242 
8 197 
8 89 
8 320 
8 32 
8 113 
8 80 
8 296 
8 143 
8 62 
8 35 
16 247 
16 175 
16 193 
16 220 
16 202 
16 229 
16 169 
16 250 
16 178 
16 259 
16 88 
16 223 
16 205 
16 97 
16 301 
16 40 
16 121 
16 61 
16 277 
16 151 
16 70 
16 43 
17 248 
17 176 
17 194 
17 221 
17 203 
17 230 
17 170 
17 251 
17 179 
17 260 
17 89 
17 224 
17 206 
17 98 
17 302 
17 41 
17 122 
17 62 
17 278 
17 152 
17 71 
17 44 
25 256 
25 184 
25 202 
25 229 
25 211 
25 238 
25 178 
25 259 
25 187 
25 268 
25 97 
25 232 
25 214 
25 106 
25 310 
25 49 
25 130 
25 70 
25 286 
25 160 
25 79 
25 52 
26 257 
26 185 
26 203 
26 230 
26 212 
26 239 
26 179 
26 260 
26 188 
26 269 
26 98 
26 233 
26 215 
26 107 
26 311 
26 50 
26 131 
26 71 
26 287 
26 161 
26 80 
26 53 
31 316 
31 109 
31 157 
31 292 
31 139 
31 274 
31 130 
31 319 
31 112 
31 301 
31 79 
31 295 
31 142 
31 61 
31 266 
31 5 
31 167 
31 104 
31 239 
31 194 
31 86 
31 8 
34 319 
34 112 
34 160 
34 295 
34 142 
34 277 
34 133 
34 322 
34 115 
34 304 
34 73 
34 289 
34 136 
34 55 
34 269 
34 8 
34 170 
34 107 
34 242 
34 197 
34 89 
34 2 
40 298 
40 118 
40 139 
40 274 
40 148 
40 283 
40 112 
40 301 
40 121 
40 310 
40 61 
40 277 
40 151 
40 70 
40 248 
40 14 
40 176 
40 86 
40 221 
40 203 
40 95 
40 17 
43 301 
43 121 
43 142 
43 277 
43 151 
43 286 
43 115 
43 304 
43 124 
43 313 
43 55 
43 271 
43 145 
43 64 
43 251 
43 17 
43 179 
43 89 
43 224 
43 206 
43 98 
43 11 
49 307 
49 127 
49 148 
49 283 
49 157 
49 292 
49 121 
49 310 
49 130 
49 319 
49 70 
49 286 
49 160 
49 79 
49 257 
49 23 
49 185 
49 95 
49 230 
49 212 
49 104 
49 26 
52 310 
52 130 
52 151 
52 286 
52 160 
52 295 
52 124 
52 313 
52 133 
52 322 
52 64 
52 280 
52 154 
52 73 
52 260 
52 26 
52 188 
52 98 
52 233 
52 215 
52 107 
52 20 
61 139 
61 274 
61 319 
61 112 
61 301 
61 121 
61 295 
61 142 
61 277 
61 151 
61 34 
61 115 
61 304 
61 43 
61 194 
61 86 
61 221 
61 8 
61 170 
61 251 
61 17 
61 89 
70 148 
70 283 
70 301 
70 121 
70 310 
70 130 
70 277 
70 151 
70 286 
70 160 
70 43 
70 124 
70 313 
70 52 
70 203 
70 95 
70 230 
70 17 
70 179 
70 260 
70 26 
70 98 
79 157 
79 292 
79 310 
79 130 
79 319 
79 112 
79 286 
79 160 
79 295 
79 142 
79 52 
79 133 
79 322 
79 34 
79 212 
79 104 
79 239 
79 26 
79 188 
79 269 
79 8 
79 107 
85 190 
85 217 
85 265 
85 166 
85 247 
85 175 
85 238 
85 193 
85 220 
85 202 
85 7 
85 169 
85 250 
85 16 
85 139 
85 58 
85 274 
85 31 
85 112 
85 301 
85 40 
85 61 
86 191 
86 218 
86 266 
86 167 
86 248 
86 176 
86 239 
86 194 
86 221 
86 203 
86 8 
86 170 
86 251 
86 17 
86 140 
86 59 
86 275 
86 32 
86 113 
86 302 
86 41 
86 62 
88 193 
88 220 
88 268 
88 169 
88 250 
88 178 
88 241 
88 196 
88 223 
88 205 
88 1 
88 163 
88 244 
88 10 
88 142 
88 61 
88 277 
88 34 
88 115 
88 304 
88 43 
88 55 
89 194 
89 221 
89 269 
89 170 
89 251 
89 179 
89 242 
89 197 
89 224 
89 206 
89 2 
89 164 
89 245 
89 11 
89 143 
89 62 
89 278 
89 35 
89 116 
89 305 
89 44 
89 56 
94 199 
94 226 
94 247 
94 175 
94 256 
94 184 
94 220 
94 202 
94 229 
94 211 
94 16 
94 178 
94 259 
94 25 
94 148 
94 67 
94 283 
94 40 
94 121 
94 310 
94 49 
94 70 
95 200 
95 227 
95 248 
95 176 
95 257 
95 185 
95 221 
95 203 
95 230 
95 212 
95 17 
95 179 
95 260 
95 26 
95 149 
95 68 
95 284 
95 41 
95 122 
95 311 
95 50 
95 71 
97 202 
97 229 
97 250 
97 178 
97 259 
97 187 
97 223 
97 205 
97 232 
97 214 
97 10 
97 172 
97 253 
97 19 
97 151 
97 70 
97 286 
97 43 
97 124 
97 313 
97 52 
97 64 
98 203 
98 230 
98 251 
98 179 
98 260 
98 188 
98 224 
98 206 
98 233 
98 215 
98 11 
98 173 
98 254 
98 20 
98 152 
98 71 
98 287 
98 44 
98 125 
98 314 
98 53 
98 65 
103 208 
103 235 
103 256 
103 184 
103 265 
103 166 
103 229 
103 211 
103 238 
103 193 
103 25 
103 187 
103 268 
103 7 
103 157 
103 76 
103 292 
103 49 
103 130 
103 319 
103 31 
103 79 
104 209 
104 236 
104 257 
104 185 
104 266 
104 167 
104 230 
104 212 
104 239 
104 194 
104 26 
104 188 
104 269 
104 8 
104 158 
104 77 
104 293 
104 50 
104 131 
104 320 
104 32 
104 80 
106 211 
106 238 
106 259 
106 187 
106 268 
106 169 
106 232 
106 214 
106 241 
106 196 
106 19 
106 181 
106 262 
106 1 
106 160 
106 79 
106 295 
106 52 
106 133 
106 322 
106 34 
106 73 
107 212 
107 239 
107 260 
107 188 
107 269 
107 170 
107 233 
107 215 
107 242 
107 197 
107 20 
107 182 
107 263 
107 2 
107 161 
107 80 
107 296 
107 53 
107 134 
107 323 
107 35 
107 74 
112 301 
112 295 
112 142 
112 277 
112 266 
112 5 
112 167 
112 248 
112 104 
112 239 
112 194 
112 86 
112 221 
112 269 
112 8 
112 170 
112 251 
112 17 
112 89 
112 32 
112 62 
115 304 
115 289 
115 136 
115 271 
115 269 
115 8 
115 170 
115 251 
115 107 
115 242 
115 197 
115 89 
115 224 
115 263 
115 2 
115 164 
115 245 
115 11 
115 83 
115 35 
115 56 
121 310 
121 277 
121 151 
121 286 
121 248 
121 14 
121 176 
121 257 
121 86 
121 221 
121 203 
121 95 
121 230 
121 251 
121 17 
121 179 
121 260 
121 26 
121 98 
121 41 
121 71 
124 313 
124 271 
124 145 
124 280 
124 251 
124 17 
124 179 
124 260 
124 89 
124 224 
124 206 
124 98 
124 233 
124 245 
124 11 
124 173 
124 254 
124 20 
124 92 
124 44 
124 65 
130 319 
130 286 
130 160 
130 295 
130 257 
130 23 
130 185 
130 266 
130 95 
130 230 
130 212 
130 104 
130 239 
130 260 
130 26 
130 188 
130 269 
130 8 
130 107 
130 50 
130 80 
133 322 
133 280 
133 154 
133 289 
133 260 
133 26 
133 188 
133 269 
133 98 
133 233 
133 215 
133 107 
133 242 
133 254 
133 20 
133 182 
133 263 
133 2 
133 101 
133 53 
133 74 
142 277 
142 322 
142 115 
142 304 
142 239 
142 194 
142 86 
142 221 
142 269 
142 8 
142 170 
142 251 
142 17 
142 107 
142 242 
142 197 
142 89 
142 224 
142 2 
142 62 
142 35 
151 286 
151 304 
151 124 
151 313 
151 221 
151 203 
151 95 
151 230 
151 251 
151 17 
151 179 
151 260 
151 26 
151 89 
151 224 
151 206 
151 98 
151 233 
151 11 
151 71 
151 44 
160 295 
160 313 
160 133 
160 322 
160 230 
160 212 
160 104 
160 239 
160 260 
160 26 
160 188 
160 269 
160 8 
160 98 
160 233 
160 215 
160 107 
160 242 
160 20 
160 80 
160 53 
169 250 
169 241 
169 196 
169 223 
169 319 
169 31 
169 112 
169 301 
169 79 
169 295 
169 142 
169 61 
169 277 
169 322 
169 34 
169 115 
169 304 
169 43 
169 55 
169 8 
169 89 
170 251 
170 242 
170 197 
170 224 
170 320 
170 32 
170 113 
170 302 
170 80 
170 296 
170 143 
170 62 
170 278 
170 323 
170 35 
170 116 
170 305 
170 44 
170 56 
170 9 
170 90 
178 259 
178 223 
178 205 
178 232 
178 301 
178 40 
178 121 
178 310 
178 61 
178 277 
178 151 
178 70 
178 286 
178 304 
178 43 
178 124 
178 313 
178 52 
178 64 
178 17 
178 98 
179 260 
179 224 
179 206 
179 233 
179 302 
179 41 
179 122 
179 311 
179 62 
179 278 
179 152 
179 71 
179 287 
179 305 
179 44 
179 125 
179 314 
179 53 
179 65 
179 18 
179 99 
187 268 
187 232 
187 214 
187 241 
187 310 
187 49 
187 130 
187 319 
187 70 
187 286 
187 160 
187 79 
187 295 
187 313 
187 52 
187 133 
187 322 
187 34 
187 73 
187 26 
187 107 
188 269 
188 233 
188 215 
188 242 
188 311 
188 50 
188 131 
188 320 
188 71 
188 287 
188 161 
188 80 
188 296 
188 314 
188 53 
188 134 
188 323 
188 35 
188 74 
188 27 
188 108 
193 220 
193 268 
193 169 
193 250 
193 292 
193 139 
193 58 
193 274 
193 319 
193 31 
193 112 
193 301 
193 40 
193 79 
193 295 
193 142 
193 61 
193 277 
193 34 
193 86 
193 8 
194 221 
194 269 
194 170 
194 251 
194 293 
194 140 
194 59 
194 275 
194 320 
194 32 
194 113 
194 302 
194 41 
194 80 
194 296 
194 143 
194 62 
194 278 
194 35 
194 87 
194 9 
196 223 
196 262 
196 163 
196 244 
196 295 
196 142 
196 61 
196 277 
196 322 
196 34 
196 115 
196 304 
196 43 
196 73 
196 289 
196 136 
196 55 
196 271 
196 28 
196 89 
196 2 
197 224 
197 263 
197 164 
197 245 
197 296 
197 143 
197 62 
197 278 
197 323 
197 35 
197 116 
197 305 
197 44 
197 74 
197 290 
197 137 
197 56 
197 272 
197 29 
197 90 
197 3 
202 229 
202 250 
202 178 
202 259 
202 274 
202 148 
202 67 
202 283 
202 301 
202 40 
202 121 
202 310 
202 49 
202 61 
202 277 
202 151 
202 70 
202 286 
202 43 
202 95 
202 17 
203 230 
203 251 
203 179 
203 260 
203 275 
203 149 
203 68 
203 284 
203 302 
203 41 
203 122 
203 311 
203 50 
203 62 
203 278 
203 152 
203 71 
203 287 
203 44 
203 96 
203 18 
205 232 
205 244 
205 172 
205 253 
205 277 
205 151 
205 70 
205 286 
205 304 
205 43 
205 124 
205 313 
205 52 
205 55 
205 271 
205 145 
205 64 
205 280 
205 37 
205 98 
205 11 
206 233 
206 245 
206 173 
206 254 
206 278 
206 152 
206 71 
206 287 
206 305 
206 44 
206 125 
206 314 
206 53 
206 56 
206 272 
206 146 
206 65 
206 281 
206 38 
206 99 
206 12 
211 238 
211 259 
211 187 
211 268 
211 283 
211 157 
211 76 
211 292 
211 310 
211 49 
211 130 
211 319 
211 31 
211 70 
211 286 
211 160 
211 79 
211 295 
211 52 
211 104 
211 26 
212 239 
212 260 
212 188 
212 269 
212 284 
212 158 
212 77 
212 293 
212 311 
212 50 
212 131 
212 320 
212 32 
212 71 
212 287 
212 161 
212 80 
212 296 
212 53 
212 105 
212 27 
214 241 
214 253 
214 181 
214 262 
214 286 
214 160 
214 79 
214 295 
214 313 
214 52 
214 133 
214 322 
214 34 
214 64 
214 280 
214 154 
214 73 
214 289 
214 46 
214 107 
214 20 
215 242 
215 254 
215 182 
215 263 
215 287 
215 161 
215 80 
215 296 
215 314 
215 53 
215 134 
215 323 
215 35 
215 65 
215 281 
215 155 
215 74 
215 290 
215 47 
215 108 
215 21 
220 202 
220 169 
220 250 
220 178 
220 139 
220 58 
220 274 
220 148 
220 31 
220 112 
220 301 
220 40 
220 121 
220 142 
220 61 
220 277 
220 151 
220 70 
220 43 
220 86 
220 17 
221 203 
221 170 
221 251 
221 179 
221 140 
221 59 
221 275 
221 149 
221 32 
221 113 
221 302 
221 41 
221 122 
221 143 
221 62 
221 278 
221 152 
221 71 
221 44 
221 87 
221 18 
223 205 
223 163 
223 244 
223 172 
223 142 
223 61 
223 277 
223 151 
223 34 
223 115 
223 304 
223 43 
223 124 
223 136 
223 55 
223 271 
223 145 
223 64 
223 37 
223 89 
223 11 
224 206 
224 164 
224 245 
224 173 
224 143 
224 62 
224 278 
224 152 
224 35 
224 116 
224 305 
224 44 
224 125 
224 137 
224 56 
224 272 
224 146 
224 65 
224 38 
224 90 
224 12 
229 211 
229 178 
229 259 
229 187 
229 148 
229 67 
229 283 
229 157 
229 40 
229 121 
229 310 
229 49 
229 130 
229 151 
229 70 
229 286 
229 160 
229 79 
229 52 
229 95 
229 26 
230 212 
230 179 
230 260 
230 188 
230 149 
230 68 
230 284 
230 158 
230 41 
230 122 
230 311 
230 50 
230 131 
230 152 
230 71 
230 287 
230 161 
230 80 
230 53 
230 96 
230 27 
232 214 
232 172 
232 253 
232 181 
232 151 
232 70 
232 286 
232 160 
232 43 
232 124 
232 313 
232 52 
232 133 
232 145 
232 64 
232 280 
232 154 
232 73 
232 46 
232 98 
232 20 
233 215 
233 173 
233 254 
233 182 
233 152 
233 71 
233 287 
233 161 
233 44 
233 125 
233 314 
233 53 
233 134 
233 146 
233 65 
233 281 
233 155 
233 74 
233 47 
233 99 
233 21 
238 193 
238 187 
238 268 
238 169 
238 157 
238 76 
238 292 
238 139 
238 49 
238 130 
238 319 
238 31 
238 112 
238 160 
238 79 
238 295 
238 142 
238 61 
238 34 
238 104 
238 8 
239 194 
239 188 
239 269 
239 170 
239 158 
239 77 
239 293 
239 140 
239 50 
239 131 
239 320 
239 32 
239 113 
239 161 
239 80 
239 296 
239 143 
239 62 
239 35 
239 105 
239 9 
241 196 
241 181 
241 262 
241 163 
241 160 
241 79 
241 295 
241 142 
241 52 
241 133 
241 322 
241 34 
241 115 
241 154 
241 73 
241 289 
241 136 
241 55 
241 28 
241 107 
241 2 
242 197 
242 182 
242 263 
242 164 
242 161 
242 80 
242 296 
242 143 
242 53 
242 134 
242 323 
242 35 
242 116 
242 155 
242 74 
242 290 
242 137 
242 56 
242 29 
242 108 
242 3 
250 178 
250 196 
250 223 
250 205 
250 112 
250 301 
250 40 
250 121 
250 142 
250 61 
250 277 
250 151 
250 70 
250 34 
250 115 
250 304 
250 43 
250 124 
250 55 
250 17 
250 89 
251 179 
251 197 
251 224 
251 206 
251 113 
251 302 
251 41 
251 122 
251 143 
251 62 
251 278 
251 152 
251 71 
251 35 
251 116 
251 305 
251 44 
251 125 
251 56 
251 18 
251 90 
259 187 
259 205 
259 232 
259 214 
259 121 
259 310 
259 49 
259 130 
259 151 
259 70 
259 286 
259 160 
259 79 
259 43 
259 124 
259 313 
259 52 
259 133 
259 64 
259 26 
259 98 
260 188 
260 206 
260 233 
260 215 
260 122 
260 311 
260 50 
260 131 
260 152 
260 71 
260 287 
260 161 
260 80 
260 44 
260 125 
260 314 
260 53 
260 134 
260 65 
260 27 
260 99 
268 169 
268 214 
268 241 
268 196 
268 130 
268 319 
268 31 
268 112 
268 160 
268 79 
268 295 
268 142 
268 61 
268 52 
268 133 
268 322 
268 34 
268 115 
268 73 
268 8 
268 107 
269 170 
269 215 
269 242 
269 197 
269 131 
269 320 
269 32 
269 113 
269 161 
269 80 
269 296 
269 143 
269 62 
269 53 
269 134 
269 323 
269 35 
269 116 
269 74 
269 9 
269 108 
277 151 
277 115 
277 304 
277 124 
277 194 
277 86 
277 221 
277 203 
277 8 
277 170 
277 251 
277 17 
277 179 
277 197 
277 89 
277 224 
277 206 
277 98 
277 11 
277 62 
277 44 
286 160 
286 124 
286 313 
286 133 
286 203 
286 95 
286 230 
286 212 
286 17 
286 179 
286 260 
286 26 
286 188 
286 206 
286 98 
286 233 
286 215 
286 107 
286 20 
286 71 
286 53 
295 142 
295 133 
295 322 
295 115 
295 212 
295 104 
295 239 
295 194 
295 26 
295 188 
295 269 
295 8 
295 170 
295 215 
295 107 
295 242 
295 197 
295 89 
295 2 
295 80 
295 35 
301 121 
301 142 
301 277 
301 151 
301 167 
301 248 
301 14 
301 176 
301 194 
301 86 
301 221 
301 203 
301 95 
301 8 
301 170 
301 251 
301 17 
301 179 
301 89 
301 41 
301 62 
304 124 
304 136 
304 271 
304 145 
304 170 
304 251 
304 17 
304 179 
304 197 
304 89 
304 224 
304 206 
304 98 
304 2 
304 164 
304 245 
304 11 
304 173 
304 83 
304 44 
304 56 
310 130 
310 151 
310 286 
310 160 
310 176 
310 257 
310 23 
310 185 
310 203 
310 95 
310 230 
310 212 
310 104 
310 17 
310 179 
310 260 
310 26 
310 188 
310 98 
310 50 
310 71 
313 133 
313 145 
313 280 
313 154 
313 179 
313 260 
313 26 
313 188 
313 206 
313 98 
313 233 
313 215 
313 107 
313 11 
313 173 
313 254 
313 20 
313 182 
313 92 
313 53 
313 65 
319 112 
319 160 
319 295 
319 142 
319 185 
319 266 
319 5 
319 167 
319 212 
319 104 
319 239 
319 194 
319 86 
319 26 
319 188 
319 269 
319 8 
319 170 
319 107 
319 32 
319 80 
322 115 
322 154 
322 289 
322 136 
322 188 
322 269 
322 8 
322 170 
322 215 
322 107 
322 242 
322 197 
322 89 
322 20 
322 182 
322 263 
322 2 
322 164 
322 101 
322 35 
322 74 
9 267 
9 168 
9 213 
9 240 
9 195 
9 222 
9 189 
9 270 
9 171 
9 252 
9 108 
9 243 
9 198 
9 90 
9 321 
9 33 
9 114 
9 81 
9 297 
9 144 
9 63 
9 36 
18 249 
18 177 
18 195 
18 222 
18 204 
18 231 
18 171 
18 252 
18 180 
18 261 
18 90 
18 225 
18 207 
18 99 
18 303 
18 42 
18 123 
18 63 
18 279 
18 153 
18 72 
18 45 
27 258 
27 186 
27 204 
27 231 
27 213 
27 240 
27 180 
27 261 
27 189 
27 270 
27 99 
27 234 
27 216 
27 108 
27 312 
27 51 
27 132 
27 72 
27 288 
27 162 
27 81 
27 54 
32 317 
32 110 
32 158 
32 293 
32 140 
32 275 
32 131 
32 320 
32 113 
32 302 
32 80 
32 296 
32 143 
32 62 
32 267 
32 6 
32 168 
32 105 
32 240 
32 195 
32 87 
32 9 
33 318 
33 111 
33 159 
33 294 
33 141 
33 276 
33 132 
33 321 
33 114 
33 303 
33 81 
33 297 
33 144 
33 63 
33 265 
33 4 
33 166 
33 103 
33 238 
33 193 
33 85 
33 7 
35 320 
35 113 
35 161 
35 296 
35 143 
35 278 
35 134 
35 323 
35 116 
35 305 
35 74 
35 290 
35 137 
35 56 
35 270 
35 9 
35 171 
35 108 
35 243 
35 198 
35 90 
35 3 
36 321 
36 114 
36 162 
36 297 
36 144 
36 279 
36 135 
36 324 
36 117 
36 306 
36 75 
36 291 
36 138 
36 57 
36 268 
36 7 
36 169 
36 106 
36 241 
36 196 
36 88 
36 1 
41 299 
41 119 
41 140 
41 275 
41 149 
41 284 
41 113 
41 302 
41 122 
41 311 
41 62 
41 278 
41 152 
41 71 
41 249 
41 15 
41 177 
41 87 
41 222 
41 204 
41 96 
41 18 
42 300 
42 120 
42 141 
42 276 
42 150 
42 285 
42 114 
42 303 
42 123 
42 312 
42 63 
42 279 
42 153 
42 72 
42 247 
42 13 
42 175 
42 85 
42 220 
42 202 
42 94 
42 16 
44 302 
44 122 
44 143 
44 278 
44 152 
44 287 
44 116 
44 305 
44 125 
44 314 
44 56 
44 272 
44 146 
44 65 
44 252 
44 18 
44 180 
44 90 
44 225 
44 207 
44 99 
44 12 
45 303 
45 123 
45 144 
45 279 
45 153 
45 288 
45 117 
45 306 
45 126 
45 315 
45 57 
45 273 
45 147 
45 66 
45 250 
45 16 
45 178 
45 88 
45 223 
45 205 
45 97 
45 10 
50 308 
50 128 
50 149 
50 284 
50 158 
50 293 
50 122 
50 311 
50 131 
50 320 
50 71 
50 287 
50 161 
50 80 
50 258 
50 24 
50 186 
50 96 
50 231 
50 213 
50 105 
50 27 
51 309 
51 129 
51 150 
51 285 
51 159 
51 294 
51 123 
51 312 
51 132 
51 321 
51 72 
51 288 
51 162 
51 81 
51 256 
51 22 
51 184 
51 94 
51 229 
51 211 
51 103 
51 25 
53 311 
53 131 
53 152 
53 287 
53 161 
53 296 
53 125 
53 314 
53 134 
53 323 
53 65 
53 281 
53 155 
53 74 
53 261 
53 27 
53 189 
53 99 
53 234 
53 216 
53 108 
53 21 
54 312 
54 132 
54 153 
54 288 
54 162 
54 297 
54 126 
54 315 
54 135 
54 324 
54 66 
54 282 
54 156 
54 75 
54 259 
54 25 
54 187 
54 97 
54 232 
54 214 
54 106 
54 19 
62 140 
62 275 
62 320 
62 113 
62 302 
62 122 
62 296 
62 143 
62 278 
62 152 
62 35 
62 116 
62 305 
62 44 
62 195 
62 87 
62 222 
62 9 
62 171 
62 252 
62 18 
62 90 
63 141 
63 276 
63 321 
63 114 
63 303 
63 123 
63 297 
63 144 
63 279 
63 153 
63 36 
63 117 
63 306 
63 45 
63 193 
63 85 
63 220 
63 7 
63 169 
63 250 
63 16 
63 88 
71 149 
71 284 
71 302 
71 122 
71 311 
71 131 
71 278 
71 152 
71 287 
71 161 
71 44 
71 125 
71 314 
71 53 
71 204 
71 96 
71 231 
71 18 
71 180 
71 261 
71 27 
71 99 
72 150 
72 285 
72 303 
72 123 
72 312 
72 132 
72 279 
72 153 
72 288 
72 162 
72 45 
72 126 
72 315 
72 54 
72 202 
72 94 
72 229 
72 16 
72 178 
72 259 
72 25 
72 97 
80 158 
80 293 
80 311 
80 131 
80 320 
80 113 
80 287 
80 161 
80 296 
80 143 
80 53 
80 134 
80 323 
80 35 
80 213 
80 105 
80 240 
80 27 
80 189 
80 270 
80 9 
80 108 
81 159 
81 294 
81 312 
81 132 
81 321 
81 114 
81 288 
81 162 
81 297 
81 144 
81 54 
81 135 
81 324 
81 36 
81 211 
81 103 
81 238 
81 25 
81 187 
81 268 
81 7 
81 106 
87 192 
87 219 
87 267 
87 168 
87 249 
87 177 
87 240 
87 195 
87 222 
87 204 
87 9 
87 171 
87 252 
87 18 
87 141 
87 60 
87 276 
87 33 
87 114 
87 303 
87 42 
87 63 
90 195 
90 222 
90 270 
90 171 
90 252 
90 180 
90 243 
90 198 
90 225 
90 207 
90 3 
90 165 
90 246 
90 12 
90 144 
90 63 
90 279 
90 36 
90 117 
90 306 
90 45 
90 57 
96 201 
96 228 
96 249 
96 177 
96 258 
96 186 
96 222 
96 204 
96 231 
96 213 
96 18 
96 180 
96 261 
96 27 
96 150 
96 69 
96 285 
96 42 
96 123 
96 312 
96 51 
96 72 
99 204 
99 231 
99 252 
99 180 
99 261 
99 189 
99 225 
99 207 
99 234 
99 216 
99 12 
99 174 
99 255 
99 21 
99 153 
99 72 
99 288 
99 45 
99 126 
99 315 
99 54 
99 66 
105 210 
105 237 
105 258 
105 186 
105 267 
105 168 
105 231 
105 213 
105 240 
105 195 
105 27 
105 189 
105 270 
105 9 
105 159 
105 78 
105 294 
105 51 
105 132 
105 321 
105 33 
105 81 
108 213 
108 240 
108 261 
108 189 
108 270 
108 171 
108 234 
108 216 
108 243 
108 198 
108 21 
108 183 
108 264 
108 3 
108 162 
108 81 
108 297 
108 54 
108 135 
108 324 
108 36 
108 75 
113 302 
113 296 
113 143 
113 278 
113 267 
113 6 
113 168 
113 249 
113 105 
113 240 
113 195 
113 87 
113 222 
113 270 
113 9 
113 171 
113 252 
113 18 
113 90 
113 33 
113 63 
114 303 
114 297 
114 144 
114 279 
114 265 
114 4 
114 166 
114 247 
114 103 
114 238 
114 193 
114 85 
114 220 
114 268 
114 7 
114 169 
114 250 
114 16 
114 88 
114 31 
114 61 
116 305 
116 290 
116 137 
116 272 
116 270 
116 9 
116 171 
116 252 
116 108 
116 243 
116 198 
116 90 
116 225 
116 264 
116 3 
116 165 
116 246 
116 12 
116 84 
116 36 
116 57 
117 306 
117 291 
117 138 
117 273 
117 268 
117 7 
117 169 
117 250 
117 106 
117 241 
117 196 
117 88 
117 223 
117 262 
117 1 
117 163 
117 244 
117 10 
117 82 
117 34 
117 55 
122 311 
122 278 
122 152 
122 287 
122 249 
122 15 
122 177 
122 258 
122 87 
122 222 
122 204 
122 96 
122 231 
122 252 
122 18 
122 180 
122 261 
122 27 
122 99 
122 42 
122 72 
123 312 
123 279 
123 153 
123 288 
123 247 
123 13 
123 175 
123 256 
123 85 
123 220 
123 202 
123 94 
123 229 
123 250 
123 16 
123 178 
123 259 
123 25 
123 97 
123 40 
123 70 
125 314 
125 272 
125 146 
125 281 
125 252 
125 18 
125 180 
125 261 
125 90 
125 225 
125 207 
125 99 
125 234 
125 246 
125 12 
125 174 
125 255 
125 21 
125 93 
125 45 
125 66 
126 315 
126 273 
126 147 
126 282 
126 250 
126 16 
126 178 
126 259 
126 88 
126 223 
126 205 
126 97 
126 232 
126 244 
126 10 
126 172 
126 253 
126 19 
126 91 
126 43 
126 64 
131 320 
131 287 
131 161 
131 296 
131 258 
131 24 
131 186 
131 267 
131 96 
131 231 
131 213 
131 105 
131 240 
131 261 
131 27 
131 189 
131 270 
131 9 
131 108 
131 51 
131 81 
132 321 
132 288 
132 162 
132 297 
132 256 
132 22 
132 184 
132 265 
132 94 
132 229 
132 211 
132 103 
132 238 
132 259 
132 25 
132 187 
132 268 
132 7 
132 106 
132 49 
132 79 
134 323 
134 281 
134 155 
134 290 
134 261 
134 27 
134 189 
134 270 
134 99 
134 234 
134 216 
134 108 
134 243 
134 255 
134 21 
134 183 
134 264 
134 3 
134 102 
134 54 
134 75 
135 324 
135 282 
135 156 
135 291 
135 259 
135 25 
135 187 
135 268 
135 97 
135 232 
135 214 
135 106 
135 241 
135 253 
135 19 
135 181 
135 262 
135 1 
135 100 
135 52 
135 73 
143 278 
143 323 
143 116 
143 305 
143 240 
143 195 
143 87 
143 222 
143 270 
143 9 
143 171 
143 252 
143 18 
143 108 
143 243 
143 198 
143 90 
143 225 
143 3 
143 63 
143 36 
144 279 
144 324 
144 117 
144 306 
144 238 
144 193 
144 85 
144 220 
144 268 
144 7 
144 169 
144 250 
144 16 
144 106 
144 241 
144 196 
144 88 
144 223 
144 1 
144 61 
144 34 
152 287 
152 305 
152 125 
152 314 
152 222 
152 204 
152 96 
152 231 
152 252 
152 18 
152 180 
152 261 
152 27 
152 90 
152 225 
152 207 
152 99 
152 234 
152 12 
152 72 
152 45 
153 288 
153 306 
153 126 
153 315 
153 220 
153 202 
153 94 
153 229 
153 250 
153 16 
153 178 
153 259 
153 25 
153 88 
153 223 
153 205 
153 97 
153 232 
153 10 
153 70 
153 43 
161 296 
161 314 
161 134 
161 323 
161 231 
161 213 
161 105 
161 240 
161 261 
161 27 
161 189 
161 270 
161 9 
161 99 
161 234 
161 216 
161 108 
161 243 
161 21 
161 81 
161 54 
162 297 
162 315 
162 135 
162 324 
162 229 
162 211 
162 103 
162 238 
162 259 
162 25 
162 187 
162 268 
162 7 
162 97 
162 232 
162 214 
162 106 
162 241 
162 19 
162 79 
162 52 
171 252 
171 243 
171 198 
171 225 
171 321 
171 33 
171 114 
171 303 
171 81 
171 297 
171 144 
171 63 
171 279 
171 324 
171 36 
171 117 
171 306 
171 45 
171 57 
171 7 
171 88 
180 261 
180 225 
180 207 
180 234 
180 303 
180 42 
180 123 
180 312 
180 63 
180 279 
180 153 
180 72 
180 288 
180 306 
180 45 
180 126 
180 315 
180 54 
180 66 
180 16 
180 97 
189 270 
189 234 
189 216 
189 243 
189 312 
189 51 
189 132 
189 321 
189 72 
189 288 
189 162 
189 81 
189 297 
189 315 
189 54 
189 135 
189 324 
189 36 
189 75 
189 25 
189 106 
195 222 
195 270 
195 171 
195 252 
195 294 
195 141 
195 60 
195 276 
195 321 
195 33 
195 114 
195 303 
195 42 
195 81 
195 297 
195 144 
195 63 
195 279 
195 36 
195 85 
195 7 
198 225 
198 264 
198 165 
198 246 
198 297 
198 144 
198 63 
198 279 
198 324 
198 36 
198 117 
198 306 
198 45 
198 75 
198 291 
198 138 
198 57 
198 273 
198 30 
198 88 
198 1 
204 231 
204 252 
204 180 
204 261 
204 276 
204 150 
204 69 
204 285 
204 303 
204 42 
204 123 
204 312 
204 51 
204 63 
204 279 
204 153 
204 72 
204 288 
204 45 
204 94 
204 16 
207 234 
207 246 
207 174 
207 255 
207 279 
207 153 
207 72 
207 288 
207 306 
207 45 
207 126 
207 315 
207 54 
207 57 
207 273 
207 147 
207 66 
207 282 
207 39 
207 97 
207 10 
213 240 
213 261 
213 189 
213 270 
213 285 
213 159 
213 78 
213 294 
213 312 
213 51 
213 132 
213 321 
213 33 
213 72 
213 288 
213 162 
213 81 
213 297 
213 54 
213 103 
213 25 
216 243 
216 255 
216 183 
216 264 
216 288 
216 162 
216 81 
216 297 
216 315 
216 54 
216 135 
216 324 
216 36 
216 66 
216 282 
216 156 
216 75 
216 291 
216 48 
216 106 
216 19 
222 204 
222 171 
222 252 
222 180 
222 141 
222 60 
222 276 
222 150 
222 33 
222 114 
222 303 
222 42 
222 123 
222 144 
222 63 
222 279 
222 153 
222 72 
222 45 
222 85 
222 16 
225 207 
225 165 
225 246 
225 174 
225 144 
225 63 
225 279 
225 153 
225 36 
225 117 
225 306 
225 45 
225 126 
225 138 
225 57 
225 273 
225 147 
225 66 
225 39 
225 88 
225 10 
231 213 
231 180 
231 261 
231 189 
231 150 
231 69 
231 285 
231 159 
231 42 
231 123 
231 312 
231 51 
231 132 
231 153 
231 72 
231 288 
231 162 
231 81 
231 54 
231 94 
231 25 
234 216 
234 174 
234 255 
234 183 
234 153 
234 72 
234 288 
234 162 
234 45 
234 126 
234 315 
234 54 
234 135 
234 147 
234 66 
234 282 
234 156 
234 75 
234 48 
234 97 
234 19 
240 195 
240 189 
240 270 
240 171 
240 159 
240 78 
240 294 
240 141 
240 51 
240 132 
240 321 
240 33 
240 114 
240 162 
240 81 
240 297 
240 144 
240 63 
240 36 
240 103 
240 7 
243 198 
243 183 
243 264 
243 165 
243 162 
243 81 
243 297 
243 144 
243 54 
243 135 
243 324 
243 36 
243 117 
243 156 
243 75 
243 291 
243 138 
243 57 
243 30 
243 106 
243 1 
252 180 
252 198 
252 225 
252 207 
252 114 
252 303 
252 42 
252 123 
252 144 
252 63 
252 279 
252 153 
252 72 
252 36 
252 117 
252 306 
252 45 
252 126 
252 57 
252 16 
252 88 
261 189 
261 207 
261 234 
261 216 
261 123 
261 312 
261 51 
261 132 
261 153 
261 72 
261 288 
261 162 
261 81 
261 45 
261 126 
261 315 
261 54 
261 135 
261 66 
261 25 
261 97 
270 171 
270 216 
270 243 
270 198 
270 132 
270 321 
270 33 
270 114 
270 162 
270 81 
270 297 
270 144 
270 63 
270 54 
270 135 
270 324 
270 36 
270 117 
270 75 
270 7 
270 106 
278 152 
278 116 
278 305 
278 125 
278 195 
278 87 
278 222 
278 204 
278 9 
278 171 
278 252 
278 18 
278 180 
278 198 
278 90 
278 225 
278 207 
278 99 
278 12 
278 63 
278 45 
279 153 
279 117 
279 306 
279 126 
279 193 
279 85 
279 220 
279 202 
279 7 
279 169 
279 250 
279 16 
279 178 
279 196 
279 88 
279 223 
279 205 
279 97 
279 10 
279 61 
279 43 
287 161 
287 125 
287 314 
287 134 
287 204 
287 96 
287 231 
287 213 
287 18 
287 180 
287 261 
287 27 
287 189 
287 207 
287 99 
287 234 
287 216 
287 108 
287 21 
287 72 
287 54 
288 162 
288 126 
288 315 
288 135 
288 202 
288 94 
288 229 
288 211 
288 16 
288 178 
288 259 
288 25 
288 187 
288 205 
288 97 
288 232 
288 214 
288 106 
288 19 
288 70 
288 52 
296 143 
296 134 
296 323 
296 116 
296 213 
296 105 
296 240 
296 195 
296 27 
296 189 
296 270 
296 9 
296 171 
296 216 
296 108 
296 243 
296 198 
296 90 
296 3 
296 81 
296 36 
297 144 
297 135 
297 324 
297 117 
297 211 
297 103 
297 238 
297 193 
297 25 
297 187 
297 268 
297 7 
297 169 
297 214 
297 106 
297 241 
297 196 
297 88 
297 1 
297 79 
297 34 
302 122 
302 143 
302 278 
302 152 
302 168 
302 249 
302 15 
302 177 
302 195 
302 87 
302 222 
302 204 
302 96 
302 9 
302 171 
302 252 
302 18 
302 180 
302 90 
302 42 
302 63 
303 123 
303 144 
303 279 
303 153 
303 166 
303 247 
303 13 
303 175 
303 193 
303 85 
303 220 
303 202 
303 94 
303 7 
303 169 
303 250 
303 16 
303 178 
303 88 
303 40 
303 61 
305 125 
305 137 
305 272 
305 146 
305 171 
305 252 
305 18 
305 180 
305 198 
305 90 
305 225 
305 207 
305 99 
305 3 
305 165 
305 246 
305 12 
305 174 
305 84 
305 45 
305 57 
306 126 
306 138 
306 273 
306 147 
306 169 
306 250 
306 16 
306 178 
306 196 
306 88 
306 223 
306 205 
306 97 
306 1 
306 163 
306 244 
306 10 
306 172 
306 82 
306 43 
306 55 
311 131 
311 152 
311 287 
311 161 
311 177 
311 258 
311 24 
311 186 
311 204 
311 96 
311 231 
311 213 
311 105 
311 18 
311 180 
311 261 
311 27 
311 189 
311 99 
311 51 
311 72 
312 132 
312 153 
312 288 
312 162 
312 175 
312 256 
312 22 
312 184 
312 202 
312 94 
312 229 
312 211 
312 103 
312 16 
312 178 
312 259 
312 25 
312 187 
312 97 
312 49 
312 70 
314 134 
314 146 
314 281 
314 155 
314 180 
314 261 
314 27 
314 189 
314 207 
314 99 
314 234 
314 216 
314 108 
314 12 
314 174 
314 255 
314 21 
314 183 
314 93 
314 54 
314 66 
315 135 
315 147 
315 282 
315 156 
315 178 
315 259 
315 25 
315 187 
315 205 
315 97 
315 232 
315 214 
315 106 
315 10 
315 172 
315 253 
315 19 
315 181 
315 91 
315 52 
315 64 
320 113 
320 161 
320 296 
320 143 
320 186 
320 267 
320 6 
320 168 
320 213 
320 105 
320 240 
320 195 
320 87 
320 27 
320 189 
320 270 
320 9 
320 171 
320 108 
320 33 
320 81 
321 114 
321 162 
321 297 
321 144 
321 184 
321 265 
321 4 
321 166 
321 211 
321 103 
321 238 
321 193 
321 85 
321 25 
321 187 
321 268 
321 7 
321 169 
321 106 
321 31 
321 79 
323 116 
323 155 
323 290 
323 137 
323 189 
323 270 
323 9 
323 171 
323 216 
323 108 
323 243 
323 198 
323 90 
323 21 
323 183 
323 264 
323 3 
323 165 
323 102 
323 36 
323 75 
324 117 
324 156 
324 291 
324 138 
324 187 
324 268 
324 7 
324 169 
324 214 
324 106 
324 241 
324 196 
324 88 
324 19 
324 181 
324 262 
324 1 
324 163 
324 100 
324 34 
324 73 
